CRITICAL - 2022-08-12 15:37:44 --> unlink(C:\xampp\htdocs\ci4_blog\writable\debugbar/debugbar_1660289365.078697.json): No such file or directory
in SYSTEMPATH\Debug\Toolbar\Collectors\History.php on line 76.
 1 [internal function]: CodeIgniter\Debug\Exceptions->errorHandler(2, 'unlink(C:\\xampp\\htdocs\\ci4_blog\\writable\\debugbar/debugbar_1660289365.078697.json): No such file or directory', 'SYSTEMPATH\\Debug\\Toolbar\\Collectors\\History.php', 76, [...])
 2 SYSTEMPATH\Debug\Toolbar\Collectors\History.php(76): unlink('FCPATH\\writable\\debugbar/debugbar_1660289365.078697.json')
 3 SYSTEMPATH\Debug\Toolbar.php(495): CodeIgniter\Debug\Toolbar\Collectors\History->setFiles('1660289856.676880', 20)
 4 SYSTEMPATH\Debug\Toolbar.php(472): CodeIgniter\Debug\Toolbar->format([...], 'html')
 5 APPPATH\Config\Events.php(46): CodeIgniter\Debug\Toolbar->respond()
 6 SYSTEMPATH\Events\Events.php(149): CodeIgniter\Events\Events::Config\{closure}()
 7 SYSTEMPATH\CodeIgniter.php(326): CodeIgniter\Events\Events::trigger('pre_system')
 8 FCPATH\index.php(55): CodeIgniter\CodeIgniter->run()
CRITICAL - 2022-08-12 16:59:27 --> unlink(C:\xampp\htdocs\ci4_blog\writable\debugbar/debugbar_1660293600.675512.json): No such file or directory
in SYSTEMPATH\Debug\Toolbar\Collectors\History.php on line 76.
 1 [internal function]: CodeIgniter\Debug\Exceptions->errorHandler(2, 'unlink(C:\\xampp\\htdocs\\ci4_blog\\writable\\debugbar/debugbar_1660293600.675512.json): No such file or directory', 'SYSTEMPATH\\Debug\\Toolbar\\Collectors\\History.php', 76, [...])
 2 SYSTEMPATH\Debug\Toolbar\Collectors\History.php(76): unlink('FCPATH\\writable\\debugbar/debugbar_1660293600.675512.json')
 3 SYSTEMPATH\Debug\Toolbar.php(495): CodeIgniter\Debug\Toolbar\Collectors\History->setFiles('1660294761.648886', 20)
 4 SYSTEMPATH\Debug\Toolbar.php(472): CodeIgniter\Debug\Toolbar->format([...], 'html')
 5 APPPATH\Config\Events.php(46): CodeIgniter\Debug\Toolbar->respond()
 6 SYSTEMPATH\Events\Events.php(149): CodeIgniter\Events\Events::Config\{closure}()
 7 SYSTEMPATH\CodeIgniter.php(326): CodeIgniter\Events\Events::trigger('pre_system')
 8 FCPATH\index.php(55): CodeIgniter\CodeIgniter->run()
CRITICAL - 2022-08-12 18:23:42 --> unlink(C:\xampp\htdocs\ci4_blog\writable\debugbar/debugbar_1660298157.484156.json): No such file or directory
in SYSTEMPATH\Debug\Toolbar\Collectors\History.php on line 76.
 1 [internal function]: CodeIgniter\Debug\Exceptions->errorHandler(2, 'unlink(C:\\xampp\\htdocs\\ci4_blog\\writable\\debugbar/debugbar_1660298157.484156.json): No such file or directory', 'SYSTEMPATH\\Debug\\Toolbar\\Collectors\\History.php', 76, [...])
 2 SYSTEMPATH\Debug\Toolbar\Collectors\History.php(76): unlink('FCPATH\\writable\\debugbar/debugbar_1660298157.484156.json')
 3 SYSTEMPATH\Debug\Toolbar.php(495): CodeIgniter\Debug\Toolbar\Collectors\History->setFiles('1660299820.153531', 20)
 4 SYSTEMPATH\Debug\Toolbar.php(472): CodeIgniter\Debug\Toolbar->format([...], 'html')
 5 APPPATH\Config\Events.php(46): CodeIgniter\Debug\Toolbar->respond()
 6 SYSTEMPATH\Events\Events.php(149): CodeIgniter\Events\Events::Config\{closure}()
 7 SYSTEMPATH\CodeIgniter.php(326): CodeIgniter\Events\Events::trigger('pre_system')
 8 FCPATH\index.php(55): CodeIgniter\CodeIgniter->run()
CRITICAL - 2022-08-12 21:03:12 --> A non-numeric value encountered
in APPPATH\Views\layouts\custom_pagination.php on line 30.
 1 APPPATH\Views\layouts\custom_pagination.php(30): CodeIgniter\Debug\Exceptions->errorHandler(2, 'A non-numeric value encountered', 'APPPATH\\Views\\layouts\\custom_pagination.php', 30, [...])
 2 SYSTEMPATH\View\View.php(213): include('APPPATH\\Views\\layouts\\custom_pagination.php')
 3 SYSTEMPATH\View\View.php(216): CodeIgniter\View\View->CodeIgniter\View\{closure}()
 4 SYSTEMPATH\Pager\Pager.php(125): CodeIgniter\View\View->render('App\\Views\\layouts\\custom_pagination')
 5 SYSTEMPATH\Pager\Pager.php(110): CodeIgniter\Pager\Pager->displayLinks('default', 'custom_view')
 6 APPPATH\Views\pages\public\home.php(65): CodeIgniter\Pager\Pager->makeLinks(1, 5, 22, 'custom_view')
 7 SYSTEMPATH\View\View.php(213): include('APPPATH\\Views\\pages\\public\\home.php')
 8 SYSTEMPATH\View\View.php(216): CodeIgniter\View\View->CodeIgniter\View\{closure}()
 9 SYSTEMPATH\Common.php(1135): CodeIgniter\View\View->render('pages/public/home', [], true)
10 APPPATH\Controllers\Blog.php(39): view('pages/public/home', [...])
11 SYSTEMPATH\CodeIgniter.php(896): App\Controllers\Blog->index()
12 SYSTEMPATH\CodeIgniter.php(466): CodeIgniter\CodeIgniter->runController(Object(App\Controllers\Blog))
13 SYSTEMPATH\CodeIgniter.php(349): CodeIgniter\CodeIgniter->handleRequest(null, Object(Config\Cache), false)
14 FCPATH\index.php(55): CodeIgniter\CodeIgniter->run()
CRITICAL - 2022-08-12 21:03:13 --> A non-numeric value encountered
in APPPATH\Views\layouts\custom_pagination.php on line 30.
 1 APPPATH\Views\layouts\custom_pagination.php(30): CodeIgniter\Debug\Exceptions->errorHandler(2, 'A non-numeric value encountered', 'APPPATH\\Views\\layouts\\custom_pagination.php', 30, [...])
 2 SYSTEMPATH\View\View.php(213): include('APPPATH\\Views\\layouts\\custom_pagination.php')
 3 SYSTEMPATH\View\View.php(216): CodeIgniter\View\View->CodeIgniter\View\{closure}()
 4 SYSTEMPATH\Pager\Pager.php(125): CodeIgniter\View\View->render('App\\Views\\layouts\\custom_pagination')
 5 SYSTEMPATH\Pager\Pager.php(110): CodeIgniter\Pager\Pager->displayLinks('default', 'custom_view')
 6 APPPATH\Views\pages\public\home.php(65): CodeIgniter\Pager\Pager->makeLinks(1, 5, 22, 'custom_view')
 7 SYSTEMPATH\View\View.php(213): include('APPPATH\\Views\\pages\\public\\home.php')
 8 SYSTEMPATH\View\View.php(216): CodeIgniter\View\View->CodeIgniter\View\{closure}()
 9 SYSTEMPATH\Common.php(1135): CodeIgniter\View\View->render('pages/public/home', [], true)
10 APPPATH\Controllers\Blog.php(39): view('pages/public/home', [...])
11 SYSTEMPATH\CodeIgniter.php(896): App\Controllers\Blog->index()
12 SYSTEMPATH\CodeIgniter.php(466): CodeIgniter\CodeIgniter->runController(Object(App\Controllers\Blog))
13 SYSTEMPATH\CodeIgniter.php(349): CodeIgniter\CodeIgniter->handleRequest(null, Object(Config\Cache), false)
14 FCPATH\index.php(55): CodeIgniter\CodeIgniter->run()
CRITICAL - 2022-08-12 21:03:14 --> A non-numeric value encountered
in APPPATH\Views\layouts\custom_pagination.php on line 30.
 1 APPPATH\Views\layouts\custom_pagination.php(30): CodeIgniter\Debug\Exceptions->errorHandler(2, 'A non-numeric value encountered', 'APPPATH\\Views\\layouts\\custom_pagination.php', 30, [...])
 2 SYSTEMPATH\View\View.php(213): include('APPPATH\\Views\\layouts\\custom_pagination.php')
 3 SYSTEMPATH\View\View.php(216): CodeIgniter\View\View->CodeIgniter\View\{closure}()
 4 SYSTEMPATH\Pager\Pager.php(125): CodeIgniter\View\View->render('App\\Views\\layouts\\custom_pagination')
 5 SYSTEMPATH\Pager\Pager.php(110): CodeIgniter\Pager\Pager->displayLinks('default', 'custom_view')
 6 APPPATH\Views\pages\public\home.php(65): CodeIgniter\Pager\Pager->makeLinks(1, 5, 22, 'custom_view')
 7 SYSTEMPATH\View\View.php(213): include('APPPATH\\Views\\pages\\public\\home.php')
 8 SYSTEMPATH\View\View.php(216): CodeIgniter\View\View->CodeIgniter\View\{closure}()
 9 SYSTEMPATH\Common.php(1135): CodeIgniter\View\View->render('pages/public/home', [], true)
10 APPPATH\Controllers\Blog.php(39): view('pages/public/home', [...])
11 SYSTEMPATH\CodeIgniter.php(896): App\Controllers\Blog->index()
12 SYSTEMPATH\CodeIgniter.php(466): CodeIgniter\CodeIgniter->runController(Object(App\Controllers\Blog))
13 SYSTEMPATH\CodeIgniter.php(349): CodeIgniter\CodeIgniter->handleRequest(null, Object(Config\Cache), false)
14 FCPATH\index.php(55): CodeIgniter\CodeIgniter->run()
CRITICAL - 2022-08-12 21:03:15 --> A non-numeric value encountered
in APPPATH\Views\layouts\custom_pagination.php on line 30.
 1 APPPATH\Views\layouts\custom_pagination.php(30): CodeIgniter\Debug\Exceptions->errorHandler(2, 'A non-numeric value encountered', 'APPPATH\\Views\\layouts\\custom_pagination.php', 30, [...])
 2 SYSTEMPATH\View\View.php(213): include('APPPATH\\Views\\layouts\\custom_pagination.php')
 3 SYSTEMPATH\View\View.php(216): CodeIgniter\View\View->CodeIgniter\View\{closure}()
 4 SYSTEMPATH\Pager\Pager.php(125): CodeIgniter\View\View->render('App\\Views\\layouts\\custom_pagination')
 5 SYSTEMPATH\Pager\Pager.php(110): CodeIgniter\Pager\Pager->displayLinks('default', 'custom_view')
 6 APPPATH\Views\pages\public\home.php(65): CodeIgniter\Pager\Pager->makeLinks(1, 5, 22, 'custom_view')
 7 SYSTEMPATH\View\View.php(213): include('APPPATH\\Views\\pages\\public\\home.php')
 8 SYSTEMPATH\View\View.php(216): CodeIgniter\View\View->CodeIgniter\View\{closure}()
 9 SYSTEMPATH\Common.php(1135): CodeIgniter\View\View->render('pages/public/home', [], true)
10 APPPATH\Controllers\Blog.php(39): view('pages/public/home', [...])
11 SYSTEMPATH\CodeIgniter.php(896): App\Controllers\Blog->index()
12 SYSTEMPATH\CodeIgniter.php(466): CodeIgniter\CodeIgniter->runController(Object(App\Controllers\Blog))
13 SYSTEMPATH\CodeIgniter.php(349): CodeIgniter\CodeIgniter->handleRequest(null, Object(Config\Cache), false)
14 FCPATH\index.php(55): CodeIgniter\CodeIgniter->run()
CRITICAL - 2022-08-12 21:03:15 --> A non-numeric value encountered
in APPPATH\Views\layouts\custom_pagination.php on line 30.
 1 APPPATH\Views\layouts\custom_pagination.php(30): CodeIgniter\Debug\Exceptions->errorHandler(2, 'A non-numeric value encountered', 'APPPATH\\Views\\layouts\\custom_pagination.php', 30, [...])
 2 SYSTEMPATH\View\View.php(213): include('APPPATH\\Views\\layouts\\custom_pagination.php')
 3 SYSTEMPATH\View\View.php(216): CodeIgniter\View\View->CodeIgniter\View\{closure}()
 4 SYSTEMPATH\Pager\Pager.php(125): CodeIgniter\View\View->render('App\\Views\\layouts\\custom_pagination')
 5 SYSTEMPATH\Pager\Pager.php(110): CodeIgniter\Pager\Pager->displayLinks('default', 'custom_view')
 6 APPPATH\Views\pages\public\home.php(65): CodeIgniter\Pager\Pager->makeLinks(1, 5, 22, 'custom_view')
 7 SYSTEMPATH\View\View.php(213): include('APPPATH\\Views\\pages\\public\\home.php')
 8 SYSTEMPATH\View\View.php(216): CodeIgniter\View\View->CodeIgniter\View\{closure}()
 9 SYSTEMPATH\Common.php(1135): CodeIgniter\View\View->render('pages/public/home', [], true)
10 APPPATH\Controllers\Blog.php(39): view('pages/public/home', [...])
11 SYSTEMPATH\CodeIgniter.php(896): App\Controllers\Blog->index()
12 SYSTEMPATH\CodeIgniter.php(466): CodeIgniter\CodeIgniter->runController(Object(App\Controllers\Blog))
13 SYSTEMPATH\CodeIgniter.php(349): CodeIgniter\CodeIgniter->handleRequest(null, Object(Config\Cache), false)
14 FCPATH\index.php(55): CodeIgniter\CodeIgniter->run()
CRITICAL - 2022-08-12 21:03:15 --> A non-numeric value encountered
in APPPATH\Views\layouts\custom_pagination.php on line 30.
 1 APPPATH\Views\layouts\custom_pagination.php(30): CodeIgniter\Debug\Exceptions->errorHandler(2, 'A non-numeric value encountered', 'APPPATH\\Views\\layouts\\custom_pagination.php', 30, [...])
 2 SYSTEMPATH\View\View.php(213): include('APPPATH\\Views\\layouts\\custom_pagination.php')
 3 SYSTEMPATH\View\View.php(216): CodeIgniter\View\View->CodeIgniter\View\{closure}()
 4 SYSTEMPATH\Pager\Pager.php(125): CodeIgniter\View\View->render('App\\Views\\layouts\\custom_pagination')
 5 SYSTEMPATH\Pager\Pager.php(110): CodeIgniter\Pager\Pager->displayLinks('default', 'custom_view')
 6 APPPATH\Views\pages\public\home.php(65): CodeIgniter\Pager\Pager->makeLinks(1, 5, 22, 'custom_view')
 7 SYSTEMPATH\View\View.php(213): include('APPPATH\\Views\\pages\\public\\home.php')
 8 SYSTEMPATH\View\View.php(216): CodeIgniter\View\View->CodeIgniter\View\{closure}()
 9 SYSTEMPATH\Common.php(1135): CodeIgniter\View\View->render('pages/public/home', [], true)
10 APPPATH\Controllers\Blog.php(39): view('pages/public/home', [...])
11 SYSTEMPATH\CodeIgniter.php(896): App\Controllers\Blog->index()
12 SYSTEMPATH\CodeIgniter.php(466): CodeIgniter\CodeIgniter->runController(Object(App\Controllers\Blog))
13 SYSTEMPATH\CodeIgniter.php(349): CodeIgniter\CodeIgniter->handleRequest(null, Object(Config\Cache), false)
14 FCPATH\index.php(55): CodeIgniter\CodeIgniter->run()
CRITICAL - 2022-08-12 21:03:16 --> A non-numeric value encountered
in APPPATH\Views\layouts\custom_pagination.php on line 30.
 1 APPPATH\Views\layouts\custom_pagination.php(30): CodeIgniter\Debug\Exceptions->errorHandler(2, 'A non-numeric value encountered', 'APPPATH\\Views\\layouts\\custom_pagination.php', 30, [...])
 2 SYSTEMPATH\View\View.php(213): include('APPPATH\\Views\\layouts\\custom_pagination.php')
 3 SYSTEMPATH\View\View.php(216): CodeIgniter\View\View->CodeIgniter\View\{closure}()
 4 SYSTEMPATH\Pager\Pager.php(125): CodeIgniter\View\View->render('App\\Views\\layouts\\custom_pagination')
 5 SYSTEMPATH\Pager\Pager.php(110): CodeIgniter\Pager\Pager->displayLinks('default', 'custom_view')
 6 APPPATH\Views\pages\public\home.php(65): CodeIgniter\Pager\Pager->makeLinks(1, 5, 22, 'custom_view')
 7 SYSTEMPATH\View\View.php(213): include('APPPATH\\Views\\pages\\public\\home.php')
 8 SYSTEMPATH\View\View.php(216): CodeIgniter\View\View->CodeIgniter\View\{closure}()
 9 SYSTEMPATH\Common.php(1135): CodeIgniter\View\View->render('pages/public/home', [], true)
10 APPPATH\Controllers\Blog.php(39): view('pages/public/home', [...])
11 SYSTEMPATH\CodeIgniter.php(896): App\Controllers\Blog->index()
12 SYSTEMPATH\CodeIgniter.php(466): CodeIgniter\CodeIgniter->runController(Object(App\Controllers\Blog))
13 SYSTEMPATH\CodeIgniter.php(349): CodeIgniter\CodeIgniter->handleRequest(null, Object(Config\Cache), false)
14 FCPATH\index.php(55): CodeIgniter\CodeIgniter->run()
CRITICAL - 2022-08-12 21:03:16 --> A non-numeric value encountered
in APPPATH\Views\layouts\custom_pagination.php on line 30.
 1 APPPATH\Views\layouts\custom_pagination.php(30): CodeIgniter\Debug\Exceptions->errorHandler(2, 'A non-numeric value encountered', 'APPPATH\\Views\\layouts\\custom_pagination.php', 30, [...])
 2 SYSTEMPATH\View\View.php(213): include('APPPATH\\Views\\layouts\\custom_pagination.php')
 3 SYSTEMPATH\View\View.php(216): CodeIgniter\View\View->CodeIgniter\View\{closure}()
 4 SYSTEMPATH\Pager\Pager.php(125): CodeIgniter\View\View->render('App\\Views\\layouts\\custom_pagination')
 5 SYSTEMPATH\Pager\Pager.php(110): CodeIgniter\Pager\Pager->displayLinks('default', 'custom_view')
 6 APPPATH\Views\pages\public\home.php(65): CodeIgniter\Pager\Pager->makeLinks(1, 5, 22, 'custom_view')
 7 SYSTEMPATH\View\View.php(213): include('APPPATH\\Views\\pages\\public\\home.php')
 8 SYSTEMPATH\View\View.php(216): CodeIgniter\View\View->CodeIgniter\View\{closure}()
 9 SYSTEMPATH\Common.php(1135): CodeIgniter\View\View->render('pages/public/home', [], true)
10 APPPATH\Controllers\Blog.php(39): view('pages/public/home', [...])
11 SYSTEMPATH\CodeIgniter.php(896): App\Controllers\Blog->index()
12 SYSTEMPATH\CodeIgniter.php(466): CodeIgniter\CodeIgniter->runController(Object(App\Controllers\Blog))
13 SYSTEMPATH\CodeIgniter.php(349): CodeIgniter\CodeIgniter->handleRequest(null, Object(Config\Cache), false)
14 FCPATH\index.php(55): CodeIgniter\CodeIgniter->run()
CRITICAL - 2022-08-12 21:03:16 --> A non-numeric value encountered
in APPPATH\Views\layouts\custom_pagination.php on line 30.
 1 APPPATH\Views\layouts\custom_pagination.php(30): CodeIgniter\Debug\Exceptions->errorHandler(2, 'A non-numeric value encountered', 'APPPATH\\Views\\layouts\\custom_pagination.php', 30, [...])
 2 SYSTEMPATH\View\View.php(213): include('APPPATH\\Views\\layouts\\custom_pagination.php')
 3 SYSTEMPATH\View\View.php(216): CodeIgniter\View\View->CodeIgniter\View\{closure}()
 4 SYSTEMPATH\Pager\Pager.php(125): CodeIgniter\View\View->render('App\\Views\\layouts\\custom_pagination')
 5 SYSTEMPATH\Pager\Pager.php(110): CodeIgniter\Pager\Pager->displayLinks('default', 'custom_view')
 6 APPPATH\Views\pages\public\home.php(65): CodeIgniter\Pager\Pager->makeLinks(1, 5, 22, 'custom_view')
 7 SYSTEMPATH\View\View.php(213): include('APPPATH\\Views\\pages\\public\\home.php')
 8 SYSTEMPATH\View\View.php(216): CodeIgniter\View\View->CodeIgniter\View\{closure}()
 9 SYSTEMPATH\Common.php(1135): CodeIgniter\View\View->render('pages/public/home', [], true)
10 APPPATH\Controllers\Blog.php(39): view('pages/public/home', [...])
11 SYSTEMPATH\CodeIgniter.php(896): App\Controllers\Blog->index()
12 SYSTEMPATH\CodeIgniter.php(466): CodeIgniter\CodeIgniter->runController(Object(App\Controllers\Blog))
13 SYSTEMPATH\CodeIgniter.php(349): CodeIgniter\CodeIgniter->handleRequest(null, Object(Config\Cache), false)
14 FCPATH\index.php(55): CodeIgniter\CodeIgniter->run()
CRITICAL - 2022-08-12 21:03:16 --> A non-numeric value encountered
in APPPATH\Views\layouts\custom_pagination.php on line 30.
 1 APPPATH\Views\layouts\custom_pagination.php(30): CodeIgniter\Debug\Exceptions->errorHandler(2, 'A non-numeric value encountered', 'APPPATH\\Views\\layouts\\custom_pagination.php', 30, [...])
 2 SYSTEMPATH\View\View.php(213): include('APPPATH\\Views\\layouts\\custom_pagination.php')
 3 SYSTEMPATH\View\View.php(216): CodeIgniter\View\View->CodeIgniter\View\{closure}()
 4 SYSTEMPATH\Pager\Pager.php(125): CodeIgniter\View\View->render('App\\Views\\layouts\\custom_pagination')
 5 SYSTEMPATH\Pager\Pager.php(110): CodeIgniter\Pager\Pager->displayLinks('default', 'custom_view')
 6 APPPATH\Views\pages\public\home.php(65): CodeIgniter\Pager\Pager->makeLinks(1, 5, 22, 'custom_view')
 7 SYSTEMPATH\View\View.php(213): include('APPPATH\\Views\\pages\\public\\home.php')
 8 SYSTEMPATH\View\View.php(216): CodeIgniter\View\View->CodeIgniter\View\{closure}()
 9 SYSTEMPATH\Common.php(1135): CodeIgniter\View\View->render('pages/public/home', [], true)
10 APPPATH\Controllers\Blog.php(39): view('pages/public/home', [...])
11 SYSTEMPATH\CodeIgniter.php(896): App\Controllers\Blog->index()
12 SYSTEMPATH\CodeIgniter.php(466): CodeIgniter\CodeIgniter->runController(Object(App\Controllers\Blog))
13 SYSTEMPATH\CodeIgniter.php(349): CodeIgniter\CodeIgniter->handleRequest(null, Object(Config\Cache), false)
14 FCPATH\index.php(55): CodeIgniter\CodeIgniter->run()
CRITICAL - 2022-08-12 21:17:17 --> unlink(C:\xampp\htdocs\ci4_blog\writable\debugbar/debugbar_1660309176.537027.json): No such file or directory
in SYSTEMPATH\Debug\Toolbar\Collectors\History.php on line 76.
 1 [internal function]: CodeIgniter\Debug\Exceptions->errorHandler(2, 'unlink(C:\\xampp\\htdocs\\ci4_blog\\writable\\debugbar/debugbar_1660309176.537027.json): No such file or directory', 'SYSTEMPATH\\Debug\\Toolbar\\Collectors\\History.php', 76, [...])
 2 SYSTEMPATH\Debug\Toolbar\Collectors\History.php(76): unlink('FCPATH\\writable\\debugbar/debugbar_1660309176.537027.json')
 3 SYSTEMPATH\Debug\Toolbar.php(495): CodeIgniter\Debug\Toolbar\Collectors\History->setFiles('1660310227.456713', 20)
 4 SYSTEMPATH\Debug\Toolbar.php(472): CodeIgniter\Debug\Toolbar->format([...], 'html')
 5 APPPATH\Config\Events.php(46): CodeIgniter\Debug\Toolbar->respond()
 6 SYSTEMPATH\Events\Events.php(149): CodeIgniter\Events\Events::Config\{closure}()
 7 SYSTEMPATH\CodeIgniter.php(326): CodeIgniter\Events\Events::trigger('pre_system')
 8 FCPATH\index.php(55): CodeIgniter\CodeIgniter->run()
