CRITICAL - 2022-10-13 19:50:36 --> Undefined property: App\Controllers\Main::$post_model
in APPPATH\Controllers\Main.php on line 209.
 1 APPPATH\Controllers\Main.php(209): CodeIgniter\Debug\Exceptions->errorHandler(8, 'Undefined property: App\\Controllers\\Main::$post_model', 'APPPATH\\Controllers\\Main.php', 209, [...])
 2 SYSTEMPATH\CodeIgniter.php(896): App\Controllers\Main->posts()
 3 SYSTEMPATH\CodeIgniter.php(466): CodeIgniter\CodeIgniter->runController(Object(App\Controllers\Main))
 4 SYSTEMPATH\CodeIgniter.php(349): CodeIgniter\CodeIgniter->handleRequest(null, Object(Config\Cache), false)
 5 FCPATH\index.php(55): CodeIgniter\CodeIgniter->run()
CRITICAL - 2022-10-13 19:50:55 --> Undefined property: App\Controllers\Main::$post_model
in APPPATH\Controllers\Main.php on line 209.
 1 APPPATH\Controllers\Main.php(209): CodeIgniter\Debug\Exceptions->errorHandler(8, 'Undefined property: App\\Controllers\\Main::$post_model', 'APPPATH\\Controllers\\Main.php', 209, [...])
 2 SYSTEMPATH\CodeIgniter.php(896): App\Controllers\Main->posts()
 3 SYSTEMPATH\CodeIgniter.php(466): CodeIgniter\CodeIgniter->runController(Object(App\Controllers\Main))
 4 SYSTEMPATH\CodeIgniter.php(349): CodeIgniter\CodeIgniter->handleRequest(null, Object(Config\Cache), false)
 5 FCPATH\index.php(55): CodeIgniter\CodeIgniter->run()
CRITICAL - 2022-10-13 19:50:58 --> Undefined property: App\Controllers\Main::$post_model
in APPPATH\Controllers\Main.php on line 209.
 1 APPPATH\Controllers\Main.php(209): CodeIgniter\Debug\Exceptions->errorHandler(8, 'Undefined property: App\\Controllers\\Main::$post_model', 'APPPATH\\Controllers\\Main.php', 209, [...])
 2 SYSTEMPATH\CodeIgniter.php(896): App\Controllers\Main->posts()
 3 SYSTEMPATH\CodeIgniter.php(466): CodeIgniter\CodeIgniter->runController(Object(App\Controllers\Main))
 4 SYSTEMPATH\CodeIgniter.php(349): CodeIgniter\CodeIgniter->handleRequest(null, Object(Config\Cache), false)
 5 FCPATH\index.php(55): CodeIgniter\CodeIgniter->run()
CRITICAL - 2022-10-13 19:51:00 --> Undefined property: App\Controllers\Main::$post_model
in APPPATH\Controllers\Main.php on line 211.
 1 APPPATH\Controllers\Main.php(211): CodeIgniter\Debug\Exceptions->errorHandler(8, 'Undefined property: App\\Controllers\\Main::$post_model', 'APPPATH\\Controllers\\Main.php', 211, [])
 2 SYSTEMPATH\CodeIgniter.php(896): App\Controllers\Main->posts()
 3 SYSTEMPATH\CodeIgniter.php(466): CodeIgniter\CodeIgniter->runController(Object(App\Controllers\Main))
 4 SYSTEMPATH\CodeIgniter.php(349): CodeIgniter\CodeIgniter->handleRequest(null, Object(Config\Cache), false)
 5 FCPATH\index.php(55): CodeIgniter\CodeIgniter->run()
CRITICAL - 2022-10-13 19:51:02 --> Undefined property: App\Controllers\Main::$post_model
in APPPATH\Controllers\Main.php on line 209.
 1 APPPATH\Controllers\Main.php(209): CodeIgniter\Debug\Exceptions->errorHandler(8, 'Undefined property: App\\Controllers\\Main::$post_model', 'APPPATH\\Controllers\\Main.php', 209, [...])
 2 SYSTEMPATH\CodeIgniter.php(896): App\Controllers\Main->posts()
 3 SYSTEMPATH\CodeIgniter.php(466): CodeIgniter\CodeIgniter->runController(Object(App\Controllers\Main))
 4 SYSTEMPATH\CodeIgniter.php(349): CodeIgniter\CodeIgniter->handleRequest(null, Object(Config\Cache), false)
 5 FCPATH\index.php(55): CodeIgniter\CodeIgniter->run()
CRITICAL - 2022-10-13 19:51:03 --> Undefined property: App\Controllers\Main::$post_model
in APPPATH\Controllers\Main.php on line 209.
 1 APPPATH\Controllers\Main.php(209): CodeIgniter\Debug\Exceptions->errorHandler(8, 'Undefined property: App\\Controllers\\Main::$post_model', 'APPPATH\\Controllers\\Main.php', 209, [...])
 2 SYSTEMPATH\CodeIgniter.php(896): App\Controllers\Main->posts()
 3 SYSTEMPATH\CodeIgniter.php(466): CodeIgniter\CodeIgniter->runController(Object(App\Controllers\Main))
 4 SYSTEMPATH\CodeIgniter.php(349): CodeIgniter\CodeIgniter->handleRequest(null, Object(Config\Cache), false)
 5 FCPATH\index.php(55): CodeIgniter\CodeIgniter->run()
CRITICAL - 2022-10-13 19:51:05 --> Undefined property: App\Controllers\Main::$post_model
in APPPATH\Controllers\Main.php on line 211.
 1 APPPATH\Controllers\Main.php(211): CodeIgniter\Debug\Exceptions->errorHandler(8, 'Undefined property: App\\Controllers\\Main::$post_model', 'APPPATH\\Controllers\\Main.php', 211, [])
 2 SYSTEMPATH\CodeIgniter.php(896): App\Controllers\Main->posts()
 3 SYSTEMPATH\CodeIgniter.php(466): CodeIgniter\CodeIgniter->runController(Object(App\Controllers\Main))
 4 SYSTEMPATH\CodeIgniter.php(349): CodeIgniter\CodeIgniter->handleRequest(null, Object(Config\Cache), false)
 5 FCPATH\index.php(55): CodeIgniter\CodeIgniter->run()
CRITICAL - 2022-10-13 19:51:07 --> Undefined property: App\Controllers\Main::$post_model
in APPPATH\Controllers\Main.php on line 211.
 1 APPPATH\Controllers\Main.php(211): CodeIgniter\Debug\Exceptions->errorHandler(8, 'Undefined property: App\\Controllers\\Main::$post_model', 'APPPATH\\Controllers\\Main.php', 211, [])
 2 SYSTEMPATH\CodeIgniter.php(896): App\Controllers\Main->posts()
 3 SYSTEMPATH\CodeIgniter.php(466): CodeIgniter\CodeIgniter->runController(Object(App\Controllers\Main))
 4 SYSTEMPATH\CodeIgniter.php(349): CodeIgniter\CodeIgniter->handleRequest(null, Object(Config\Cache), false)
 5 FCPATH\index.php(55): CodeIgniter\CodeIgniter->run()
CRITICAL - 2022-10-13 19:51:26 --> Undefined property: App\Controllers\Main::$post_model
in APPPATH\Controllers\Main.php on line 211.
 1 APPPATH\Controllers\Main.php(211): CodeIgniter\Debug\Exceptions->errorHandler(8, 'Undefined property: App\\Controllers\\Main::$post_model', 'APPPATH\\Controllers\\Main.php', 211, [])
 2 SYSTEMPATH\CodeIgniter.php(896): App\Controllers\Main->posts()
 3 SYSTEMPATH\CodeIgniter.php(466): CodeIgniter\CodeIgniter->runController(Object(App\Controllers\Main))
 4 SYSTEMPATH\CodeIgniter.php(349): CodeIgniter\CodeIgniter->handleRequest(null, Object(Config\Cache), false)
 5 FCPATH\index.php(55): CodeIgniter\CodeIgniter->run()
CRITICAL - 2022-10-13 19:55:52 --> Undefined property: App\Controllers\Main::$post_model
in APPPATH\Controllers\Main.php on line 211.
 1 APPPATH\Controllers\Main.php(211): CodeIgniter\Debug\Exceptions->errorHandler(8, 'Undefined property: App\\Controllers\\Main::$post_model', 'APPPATH\\Controllers\\Main.php', 211, [])
 2 SYSTEMPATH\CodeIgniter.php(896): App\Controllers\Main->posts()
 3 SYSTEMPATH\CodeIgniter.php(466): CodeIgniter\CodeIgniter->runController(Object(App\Controllers\Main))
 4 SYSTEMPATH\CodeIgniter.php(349): CodeIgniter\CodeIgniter->handleRequest(null, Object(Config\Cache), false)
 5 FCPATH\index.php(55): CodeIgniter\CodeIgniter->run()
CRITICAL - 2022-10-13 19:56:24 --> Undefined variable: total
in APPPATH\Views\pages\posts\list.php on line 83.
 1 APPPATH\Views\pages\posts\list.php(83): CodeIgniter\Debug\Exceptions->errorHandler(8, 'Undefined variable: total', 'APPPATH\\Views\\pages\\posts\\list.php', 83, [...])
 2 SYSTEMPATH\View\View.php(213): include('APPPATH\\Views\\pages\\posts\\list.php')
 3 SYSTEMPATH\View\View.php(216): CodeIgniter\View\View->CodeIgniter\View\{closure}()
 4 SYSTEMPATH\Common.php(1135): CodeIgniter\View\View->render('pages/posts/list', [], true)
 5 APPPATH\Controllers\Main.php(224): view('pages/posts/list', [...])
 6 SYSTEMPATH\CodeIgniter.php(896): App\Controllers\Main->posts()
 7 SYSTEMPATH\CodeIgniter.php(466): CodeIgniter\CodeIgniter->runController(Object(App\Controllers\Main))
 8 SYSTEMPATH\CodeIgniter.php(349): CodeIgniter\CodeIgniter->handleRequest(null, Object(Config\Cache), false)
 9 FCPATH\index.php(55): CodeIgniter\CodeIgniter->run()
CRITICAL - 2022-10-13 19:59:21 --> Undefined variable: menu_cat
in APPPATH\Views\layouts\blog_base.php on line 74.
 1 APPPATH\Views\layouts\blog_base.php(74): CodeIgniter\Debug\Exceptions->errorHandler(8, 'Undefined variable: menu_cat', 'APPPATH\\Views\\layouts\\blog_base.php', 74, [...])
 2 SYSTEMPATH\View\View.php(213): include('APPPATH\\Views\\layouts\\blog_base.php')
 3 SYSTEMPATH\View\View.php(216): CodeIgniter\View\View->CodeIgniter\View\{closure}()
 4 SYSTEMPATH\View\View.php(229): CodeIgniter\View\View->render('layouts/blog_base', [], true)
 5 SYSTEMPATH\Common.php(1135): CodeIgniter\View\View->render('pages/public/home', [], true)
 6 APPPATH\Controllers\Main.php(224): view('pages/public/home', [...])
 7 SYSTEMPATH\CodeIgniter.php(896): App\Controllers\Main->posts()
 8 SYSTEMPATH\CodeIgniter.php(466): CodeIgniter\CodeIgniter->runController(Object(App\Controllers\Main))
 9 SYSTEMPATH\CodeIgniter.php(349): CodeIgniter\CodeIgniter->handleRequest(null, Object(Config\Cache), false)
10 FCPATH\index.php(55): CodeIgniter\CodeIgniter->run()
CRITICAL - 2022-10-13 19:59:33 --> Undefined variable: menu_cat
in APPPATH\Views\layouts\blog_base.php on line 74.
 1 APPPATH\Views\layouts\blog_base.php(74): CodeIgniter\Debug\Exceptions->errorHandler(8, 'Undefined variable: menu_cat', 'APPPATH\\Views\\layouts\\blog_base.php', 74, [...])
 2 SYSTEMPATH\View\View.php(213): include('APPPATH\\Views\\layouts\\blog_base.php')
 3 SYSTEMPATH\View\View.php(216): CodeIgniter\View\View->CodeIgniter\View\{closure}()
 4 SYSTEMPATH\View\View.php(229): CodeIgniter\View\View->render('layouts/blog_base', [], true)
 5 SYSTEMPATH\Common.php(1135): CodeIgniter\View\View->render('pages/public/home', [], true)
 6 APPPATH\Controllers\Main.php(224): view('pages/public/home', [...])
 7 SYSTEMPATH\CodeIgniter.php(896): App\Controllers\Main->posts()
 8 SYSTEMPATH\CodeIgniter.php(466): CodeIgniter\CodeIgniter->runController(Object(App\Controllers\Main))
 9 SYSTEMPATH\CodeIgniter.php(349): CodeIgniter\CodeIgniter->handleRequest(null, Object(Config\Cache), false)
10 FCPATH\index.php(55): CodeIgniter\CodeIgniter->run()
CRITICAL - 2022-10-13 19:59:36 --> Undefined variable: menu_cat
in APPPATH\Views\layouts\blog_base.php on line 74.
 1 APPPATH\Views\layouts\blog_base.php(74): CodeIgniter\Debug\Exceptions->errorHandler(8, 'Undefined variable: menu_cat', 'APPPATH\\Views\\layouts\\blog_base.php', 74, [...])
 2 SYSTEMPATH\View\View.php(213): include('APPPATH\\Views\\layouts\\blog_base.php')
 3 SYSTEMPATH\View\View.php(216): CodeIgniter\View\View->CodeIgniter\View\{closure}()
 4 SYSTEMPATH\View\View.php(229): CodeIgniter\View\View->render('layouts/blog_base', [], true)
 5 SYSTEMPATH\Common.php(1135): CodeIgniter\View\View->render('pages/public/home', [], true)
 6 APPPATH\Controllers\Main.php(224): view('pages/public/home', [...])
 7 SYSTEMPATH\CodeIgniter.php(896): App\Controllers\Main->posts()
 8 SYSTEMPATH\CodeIgniter.php(466): CodeIgniter\CodeIgniter->runController(Object(App\Controllers\Main))
 9 SYSTEMPATH\CodeIgniter.php(349): CodeIgniter\CodeIgniter->handleRequest(null, Object(Config\Cache), false)
10 FCPATH\index.php(55): CodeIgniter\CodeIgniter->run()
CRITICAL - 2022-10-13 19:59:42 --> Undefined variable: menu_cat
in APPPATH\Views\layouts\blog_base.php on line 74.
 1 APPPATH\Views\layouts\blog_base.php(74): CodeIgniter\Debug\Exceptions->errorHandler(8, 'Undefined variable: menu_cat', 'APPPATH\\Views\\layouts\\blog_base.php', 74, [...])
 2 SYSTEMPATH\View\View.php(213): include('APPPATH\\Views\\layouts\\blog_base.php')
 3 SYSTEMPATH\View\View.php(216): CodeIgniter\View\View->CodeIgniter\View\{closure}()
 4 SYSTEMPATH\View\View.php(229): CodeIgniter\View\View->render('layouts/blog_base', [], true)
 5 SYSTEMPATH\Common.php(1135): CodeIgniter\View\View->render('pages/public/home', [], true)
 6 APPPATH\Controllers\Main.php(224): view('pages/public/home', [...])
 7 SYSTEMPATH\CodeIgniter.php(896): App\Controllers\Main->posts()
 8 SYSTEMPATH\CodeIgniter.php(466): CodeIgniter\CodeIgniter->runController(Object(App\Controllers\Main))
 9 SYSTEMPATH\CodeIgniter.php(349): CodeIgniter\CodeIgniter->handleRequest(null, Object(Config\Cache), false)
10 FCPATH\index.php(55): CodeIgniter\CodeIgniter->run()
CRITICAL - 2022-10-13 20:21:32 --> View themes, no current section.
in SYSTEMPATH\View\View.php on line 392.
 1 APPPATH\Views\pages\posts\list.php(40): CodeIgniter\View\View->endSection()
 2 SYSTEMPATH\View\View.php(213): include('APPPATH\\Views\\pages\\posts\\list.php')
 3 SYSTEMPATH\View\View.php(216): CodeIgniter\View\View->CodeIgniter\View\{closure}()
 4 SYSTEMPATH\Common.php(1135): CodeIgniter\View\View->render('pages/posts/list', [], true)
 5 APPPATH\Controllers\Main.php(224): view('pages/posts/list', [...])
 6 SYSTEMPATH\CodeIgniter.php(896): App\Controllers\Main->posts()
 7 SYSTEMPATH\CodeIgniter.php(466): CodeIgniter\CodeIgniter->runController(Object(App\Controllers\Main))
 8 SYSTEMPATH\CodeIgniter.php(349): CodeIgniter\CodeIgniter->handleRequest(null, Object(Config\Cache), false)
 9 FCPATH\index.php(55): CodeIgniter\CodeIgniter->run()
