CRITICAL - 2022-10-19 20:38:01 --> syntax error, unexpected '?>'
in APPPATH\Views\pages\home.php on line 6.
 1 SYSTEMPATH\View\View.php(216): CodeIgniter\View\View->CodeIgniter\View\{closure}()
 2 SYSTEMPATH\Common.php(1135): CodeIgniter\View\View->render('pages/home', [], true)
 3 APPPATH\Controllers\Main.php(31): view('pages/home', [...])
 4 SYSTEMPATH\CodeIgniter.php(896): App\Controllers\Main->index()
 5 SYSTEMPATH\CodeIgniter.php(466): CodeIgniter\CodeIgniter->runController(Object(App\Controllers\Main))
 6 SYSTEMPATH\CodeIgniter.php(349): CodeIgniter\CodeIgniter->handleRequest(null, Object(Config\Cache), false)
 7 FCPATH\index.php(55): CodeIgniter\CodeIgniter->run()
CRITICAL - 2022-10-19 20:38:25 --> Undefined variable: login
in APPPATH\Views\pages\home.php on line 6.
 1 APPPATH\Views\pages\home.php(6): CodeIgniter\Debug\Exceptions->errorHandler(8, 'Undefined variable: login', 'APPPATH\\Views\\pages\\home.php', 6, [...])
 2 SYSTEMPATH\View\View.php(213): include('APPPATH\\Views\\pages\\home.php')
 3 SYSTEMPATH\View\View.php(216): CodeIgniter\View\View->CodeIgniter\View\{closure}()
 4 SYSTEMPATH\Common.php(1135): CodeIgniter\View\View->render('pages/home', [], true)
 5 APPPATH\Controllers\Main.php(31): view('pages/home', [...])
 6 SYSTEMPATH\CodeIgniter.php(896): App\Controllers\Main->index()
 7 SYSTEMPATH\CodeIgniter.php(466): CodeIgniter\CodeIgniter->runController(Object(App\Controllers\Main))
 8 SYSTEMPATH\CodeIgniter.php(349): CodeIgniter\CodeIgniter->handleRequest(null, Object(Config\Cache), false)
 9 FCPATH\index.php(55): CodeIgniter\CodeIgniter->run()
CRITICAL - 2022-10-19 20:38:26 --> Undefined variable: login
in APPPATH\Views\pages\home.php on line 6.
 1 APPPATH\Views\pages\home.php(6): CodeIgniter\Debug\Exceptions->errorHandler(8, 'Undefined variable: login', 'APPPATH\\Views\\pages\\home.php', 6, [...])
 2 SYSTEMPATH\View\View.php(213): include('APPPATH\\Views\\pages\\home.php')
 3 SYSTEMPATH\View\View.php(216): CodeIgniter\View\View->CodeIgniter\View\{closure}()
 4 SYSTEMPATH\Common.php(1135): CodeIgniter\View\View->render('pages/home', [], true)
 5 APPPATH\Controllers\Main.php(31): view('pages/home', [...])
 6 SYSTEMPATH\CodeIgniter.php(896): App\Controllers\Main->index()
 7 SYSTEMPATH\CodeIgniter.php(466): CodeIgniter\CodeIgniter->runController(Object(App\Controllers\Main))
 8 SYSTEMPATH\CodeIgniter.php(349): CodeIgniter\CodeIgniter->handleRequest(null, Object(Config\Cache), false)
 9 FCPATH\index.php(55): CodeIgniter\CodeIgniter->run()
CRITICAL - 2022-10-19 20:38:35 --> Undefined variable: login
in APPPATH\Views\pages\home.php on line 6.
 1 APPPATH\Views\pages\home.php(6): CodeIgniter\Debug\Exceptions->errorHandler(8, 'Undefined variable: login', 'APPPATH\\Views\\pages\\home.php', 6, [...])
 2 SYSTEMPATH\View\View.php(213): include('APPPATH\\Views\\pages\\home.php')
 3 SYSTEMPATH\View\View.php(216): CodeIgniter\View\View->CodeIgniter\View\{closure}()
 4 SYSTEMPATH\Common.php(1135): CodeIgniter\View\View->render('pages/home', [], true)
 5 APPPATH\Controllers\Main.php(31): view('pages/home', [...])
 6 SYSTEMPATH\CodeIgniter.php(896): App\Controllers\Main->index()
 7 SYSTEMPATH\CodeIgniter.php(466): CodeIgniter\CodeIgniter->runController(Object(App\Controllers\Main))
 8 SYSTEMPATH\CodeIgniter.php(349): CodeIgniter\CodeIgniter->handleRequest(null, Object(Config\Cache), false)
 9 FCPATH\index.php(55): CodeIgniter\CodeIgniter->run()
CRITICAL - 2022-10-19 20:38:37 --> Undefined variable: login
in APPPATH\Views\pages\home.php on line 6.
 1 APPPATH\Views\pages\home.php(6): CodeIgniter\Debug\Exceptions->errorHandler(8, 'Undefined variable: login', 'APPPATH\\Views\\pages\\home.php', 6, [...])
 2 SYSTEMPATH\View\View.php(213): include('APPPATH\\Views\\pages\\home.php')
 3 SYSTEMPATH\View\View.php(216): CodeIgniter\View\View->CodeIgniter\View\{closure}()
 4 SYSTEMPATH\Common.php(1135): CodeIgniter\View\View->render('pages/home', [], true)
 5 APPPATH\Controllers\Main.php(31): view('pages/home', [...])
 6 SYSTEMPATH\CodeIgniter.php(896): App\Controllers\Main->index()
 7 SYSTEMPATH\CodeIgniter.php(466): CodeIgniter\CodeIgniter->runController(Object(App\Controllers\Main))
 8 SYSTEMPATH\CodeIgniter.php(349): CodeIgniter\CodeIgniter->handleRequest(null, Object(Config\Cache), false)
 9 FCPATH\index.php(55): CodeIgniter\CodeIgniter->run()
CRITICAL - 2022-10-19 20:40:29 --> Undefined variable: login
in APPPATH\Views\pages\home.php on line 6.
 1 APPPATH\Views\pages\home.php(6): CodeIgniter\Debug\Exceptions->errorHandler(8, 'Undefined variable: login', 'APPPATH\\Views\\pages\\home.php', 6, [...])
 2 SYSTEMPATH\View\View.php(213): include('APPPATH\\Views\\pages\\home.php')
 3 SYSTEMPATH\View\View.php(216): CodeIgniter\View\View->CodeIgniter\View\{closure}()
 4 SYSTEMPATH\Common.php(1135): CodeIgniter\View\View->render('pages/home', [], true)
 5 APPPATH\Controllers\Main.php(31): view('pages/home', [...])
 6 SYSTEMPATH\CodeIgniter.php(896): App\Controllers\Main->index()
 7 SYSTEMPATH\CodeIgniter.php(466): CodeIgniter\CodeIgniter->runController(Object(App\Controllers\Main))
 8 SYSTEMPATH\CodeIgniter.php(349): CodeIgniter\CodeIgniter->handleRequest(null, Object(Config\Cache), false)
 9 FCPATH\index.php(55): CodeIgniter\CodeIgniter->run()
